This is pdfTeX, Version 3.14159265-2.6-1.40.15 (TeX Live 2014) (preloaded format=pdflatex 2014.5.25)  5 JAN 2018 13:39
entering extended mode
 restricted \write18 enabled.
 %&-line parsing enabled.
**classification.tex
(./classification.tex
LaTeX2e <2014/05/01>
Babel <3.9k> and hyphenation patterns for 78 languages loaded.
(/usr/local/texlive/2014/texmf-dist/tex/latex/IEEEtran/IEEEtran.cls
Document Class: IEEEtran 2012/12/27 V1.8 by Michael Shell
-- See the "IEEEtran_HOWTO" manual for usage information.
-- http://www.michaelshell.org/tex/ieeetran/
\@IEEEtrantmpdimenA=\dimen102
\@IEEEtrantmpdimenB=\dimen103
\@IEEEtrantmpcountA=\count79
\@IEEEtrantmpcountB=\count80
\@IEEEtrantmptoksA=\toks14
LaTeX Font Info:    Try loading font information for OT1+ptm on input line 368.

(/usr/local/texlive/2014/texmf-dist/tex/latex/psnfss/ot1ptm.fd
File: ot1ptm.fd 2001/06/04 font definitions for OT1/ptm.
)
** ATTENTION: Single column mode is not typically used with IEEE publications.
-- Using 8.5in x 11in (letter) paper.
-- Using PDF output.
\@IEEEnormalsizeunitybaselineskip=\dimen104
-- This is a 10 point document.
\CLASSINFOnormalsizebaselineskip=\dimen105
\CLASSINFOnormalsizeunitybaselineskip=\dimen106
\IEEEnormaljot=\dimen107
LaTeX Font Info:    Font shape `OT1/ptm/bx/n' in size <5> not available
(Font)              Font shape `OT1/ptm/b/n' tried instead on input line 726.
LaTeX Font Info:    Font shape `OT1/ptm/bx/it' in size <5> not available
(Font)              Font shape `OT1/ptm/b/it' tried instead on input line 726.
LaTeX Font Info:    Font shape `OT1/ptm/bx/n' in size <7> not available
(Font)              Font shape `OT1/ptm/b/n' tried instead on input line 726.
LaTeX Font Info:    Font shape `OT1/ptm/bx/it' in size <7> not available
(Font)              Font shape `OT1/ptm/b/it' tried instead on input line 726.
LaTeX Font Info:    Font shape `OT1/ptm/bx/n' in size <8> not available
(Font)              Font shape `OT1/ptm/b/n' tried instead on input line 726.
LaTeX Font Info:    Font shape `OT1/ptm/bx/it' in size <8> not available
(Font)              Font shape `OT1/ptm/b/it' tried instead on input line 726.
LaTeX Font Info:    Font shape `OT1/ptm/bx/n' in size <9> not available
(Font)              Font shape `OT1/ptm/b/n' tried instead on input line 726.
LaTeX Font Info:    Font shape `OT1/ptm/bx/it' in size <9> not available
(Font)              Font shape `OT1/ptm/b/it' tried instead on input line 726.
LaTeX Font Info:    Font shape `OT1/ptm/bx/n' in size <10> not available
(Font)              Font shape `OT1/ptm/b/n' tried instead on input line 726.
LaTeX Font Info:    Font shape `OT1/ptm/bx/it' in size <10> not available
(Font)              Font shape `OT1/ptm/b/it' tried instead on input line 726.
LaTeX Font Info:    Font shape `OT1/ptm/bx/n' in size <11> not available
(Font)              Font shape `OT1/ptm/b/n' tried instead on input line 726.
LaTeX Font Info:    Font shape `OT1/ptm/bx/it' in size <11> not available
(Font)              Font shape `OT1/ptm/b/it' tried instead on input line 726.
LaTeX Font Info:    Font shape `OT1/ptm/bx/n' in size <12> not available
(Font)              Font shape `OT1/ptm/b/n' tried instead on input line 726.
LaTeX Font Info:    Font shape `OT1/ptm/bx/it' in size <12> not available
(Font)              Font shape `OT1/ptm/b/it' tried instead on input line 726.
LaTeX Font Info:    Font shape `OT1/ptm/bx/n' in size <17> not available
(Font)              Font shape `OT1/ptm/b/n' tried instead on input line 726.
LaTeX Font Info:    Font shape `OT1/ptm/bx/it' in size <17> not available
(Font)              Font shape `OT1/ptm/b/it' tried instead on input line 726.
LaTeX Font Info:    Font shape `OT1/ptm/bx/n' in size <20> not available
(Font)              Font shape `OT1/ptm/b/n' tried instead on input line 726.
LaTeX Font Info:    Font shape `OT1/ptm/bx/it' in size <20> not available
(Font)              Font shape `OT1/ptm/b/it' tried instead on input line 726.
LaTeX Font Info:    Font shape `OT1/ptm/bx/n' in size <24> not available
(Font)              Font shape `OT1/ptm/b/n' tried instead on input line 726.
LaTeX Font Info:    Font shape `OT1/ptm/bx/it' in size <24> not available
(Font)              Font shape `OT1/ptm/b/it' tried instead on input line 726.
\IEEEilabelindentA=\dimen108
\IEEEilabelindentB=\dimen109
\IEEEilabelindent=\dimen110
\IEEEelabelindent=\dimen111
\IEEEdlabelindent=\dimen112
\IEEElabelindent=\dimen113
\IEEEiednormlabelsep=\dimen114
\IEEEiedmathlabelsep=\dimen115
\IEEEiedtopsep=\skip41
\c@section=\count81
\c@subsection=\count82
\c@subsubsection=\count83
\c@paragraph=\count84
\c@IEEEsubequation=\count85
\abovecaptionskip=\skip42
\belowcaptionskip=\skip43
\c@figure=\count86
\c@table=\count87
\@IEEEeqnnumcols=\count88
\@IEEEeqncolcnt=\count89
\@IEEEsubeqnnumrollback=\count90
\@IEEEtmpitemindent=\dimen116
\c@IEEEbiography=\count91
\@IEEEtranrubishbin=\box26
) (/usr/local/texlive/2014/texmf-dist/tex/latex/amsmath/amsmath.sty
Package: amsmath 2013/01/14 v2.14 AMS math features
\@mathmargin=\skip44

For additional information on amsmath, use the `?' option.
(/usr/local/texlive/2014/texmf-dist/tex/latex/amsmath/amstext.sty
Package: amstext 2000/06/29 v2.01

(/usr/local/texlive/2014/texmf-dist/tex/latex/amsmath/amsgen.sty
File: amsgen.sty 1999/11/30 v2.0
\@emptytoks=\toks15
\ex@=\dimen117
))
(/usr/local/texlive/2014/texmf-dist/tex/latex/amsmath/amsbsy.sty
Package: amsbsy 1999/11/29 v1.2d
\pmbraise@=\dimen118
)
(/usr/local/texlive/2014/texmf-dist/tex/latex/amsmath/amsopn.sty
Package: amsopn 1999/12/14 v2.01 operator names
)
\inf@bad=\count92
LaTeX Info: Redefining \frac on input line 210.
\uproot@=\count93
\leftroot@=\count94
LaTeX Info: Redefining \overline on input line 306.
\classnum@=\count95
\DOTSCASE@=\count96
LaTeX Info: Redefining \ldots on input line 378.
LaTeX Info: Redefining \dots on input line 381.
LaTeX Info: Redefining \cdots on input line 466.
\Mathstrutbox@=\box27
\strutbox@=\box28
\big@size=\dimen119
LaTeX Font Info:    Redeclaring font encoding OML on input line 566.
LaTeX Font Info:    Redeclaring font encoding OMS on input line 567.
\macc@depth=\count97
\c@MaxMatrixCols=\count98
\dotsspace@=\muskip10
\c@parentequation=\count99
\dspbrk@lvl=\count100
\tag@help=\toks16
\row@=\count101
\column@=\count102
\maxfields@=\count103
\andhelp@=\toks17
\eqnshift@=\dimen120
\alignsep@=\dimen121
\tagshift@=\dimen122
\tagwidth@=\dimen123
\totwidth@=\dimen124
\lineht@=\dimen125
\@envbody=\toks18
\multlinegap=\skip45
\multlinetaggap=\skip46
\mathdisplay@stack=\toks19
LaTeX Info: Redefining \[ on input line 2665.
LaTeX Info: Redefining \] on input line 2666.
)
(/usr/local/texlive/2014/texmf-dist/tex/latex/mh/mathtools.sty
Package: mathtools 2014/05/21 v1.14 mathematical typesetting tools

(/usr/local/texlive/2014/texmf-dist/tex/latex/graphics/keyval.sty
Package: keyval 2014/05/08 v1.15 key=value parser (DPC)
\KV@toks@=\toks20
)
(/usr/local/texlive/2014/texmf-dist/tex/latex/tools/calc.sty
Package: calc 2007/08/22 v4.3 Infix arithmetic (KKT,FJ)
\calc@Acount=\count104
\calc@Bcount=\count105
\calc@Adimen=\dimen126
\calc@Bdimen=\dimen127
\calc@Askip=\skip47
\calc@Bskip=\skip48
LaTeX Info: Redefining \setlength on input line 75.
LaTeX Info: Redefining \addtolength on input line 76.
\calc@Ccount=\count106
\calc@Cskip=\skip49
)
(/usr/local/texlive/2014/texmf-dist/tex/latex/mh/mhsetup.sty
Package: mhsetup 2010/01/21 v1.2a programming setup (MH)
)
LaTeX Info: Thecontrolsequence`\['isalreadyrobust on input line 129.
LaTeX Info: Thecontrolsequence`\]'isalreadyrobust on input line 129.
\g_MT_multlinerow_int=\count107
\l_MT_multwidth_dim=\dimen128
\origjot=\skip50
\l_MT_shortvdotswithinadjustabove_dim=\dimen129
\l_MT_shortvdotswithinadjustbelow_dim=\dimen130
\l_MT_above_intertext_sep=\dimen131
\l_MT_below_intertext_sep=\dimen132
\l_MT_above_shortintertext_sep=\dimen133
\l_MT_below_shortintertext_sep=\dimen134
)
(/usr/local/texlive/2014/texmf-dist/tex/latex/graphics/graphicx.sty
Package: graphicx 2014/04/25 v1.0g Enhanced LaTeX Graphics (DPC,SPQR)

(/usr/local/texlive/2014/texmf-dist/tex/latex/graphics/graphics.sty
Package: graphics 2009/02/05 v1.0o Standard LaTeX Graphics (DPC,SPQR)

(/usr/local/texlive/2014/texmf-dist/tex/latex/graphics/trig.sty
Package: trig 1999/03/16 v1.09 sin cos tan (DPC)
)
(/usr/local/texlive/2014/texmf-dist/tex/latex/latexconfig/graphics.cfg
File: graphics.cfg 2010/04/23 v1.9 graphics configuration of TeX Live
)
Package graphics Info: Driver file: pdftex.def on input line 91.

(/usr/local/texlive/2014/texmf-dist/tex/latex/pdftex-def/pdftex.def
File: pdftex.def 2011/05/27 v0.06d Graphics/color for pdfTeX

(/usr/local/texlive/2014/texmf-dist/tex/generic/oberdiek/infwarerr.sty
Package: infwarerr 2010/04/08 v1.3 Providing info/warning/error messages (HO)
)
(/usr/local/texlive/2014/texmf-dist/tex/generic/oberdiek/ltxcmds.sty
Package: ltxcmds 2011/11/09 v1.22 LaTeX kernel commands for general use (HO)
)
\Gread@gobject=\count108
))
\Gin@req@height=\dimen135
\Gin@req@width=\dimen136
)
(/usr/local/texlive/2014/texmf-dist/tex/latex/enumitem/enumitem.sty
Package: enumitem 2011/09/28 v3.5.2 Customized lists
\labelindent=\skip51
\enit@outerparindent=\dimen137
\enit@toks=\toks21
\enit@inbox=\box29
\enitdp@description=\count109
)
(/usr/local/texlive/2014/texmf-dist/tex/latex/graphics/epsfig.sty
Package: epsfig 1999/02/16 v1.7a (e)psfig emulation (SPQR)
\epsfxsize=\dimen138
\epsfysize=\dimen139
)
(/usr/local/texlive/2014/texmf-dist/tex/latex/graphics/color.sty
Package: color 2014/04/23 v1.1a Standard LaTeX Color (DPC)

(/usr/local/texlive/2014/texmf-dist/tex/latex/latexconfig/color.cfg
File: color.cfg 2007/01/18 v1.5 color configuration of teTeX/TeXLive
)
Package color Info: Driver file: pdftex.def on input line 137.
)
(/usr/local/texlive/2014/texmf-dist/tex/latex/algorithms/algorithm.sty
Package: algorithm 2009/08/24 v0.1 Document Style `algorithm' - floating enviro
nment

(/usr/local/texlive/2014/texmf-dist/tex/latex/float/float.sty
Package: float 2001/11/08 v1.3d Float enhancements (AL)
\c@float@type=\count110
\float@exts=\toks22
\float@box=\box30
\@float@everytoks=\toks23
\@floatcapt=\box31
)
(/usr/local/texlive/2014/texmf-dist/tex/latex/base/ifthen.sty
Package: ifthen 2001/05/26 v1.1c Standard LaTeX ifthen package (DPC)
)
\@float@every@algorithm=\toks24
\c@algorithm=\count111
)
(/usr/local/texlive/2014/texmf-dist/tex/latex/algorithmicx/algpseudocode.sty
Package: algpseudocode 

(/usr/local/texlive/2014/texmf-dist/tex/latex/algorithmicx/algorithmicx.sty
Package: algorithmicx 2005/04/27 v1.2 Algorithmicx

Document Style algorithmicx 1.2 - a greatly improved `algorithmic' style
\c@ALG@line=\count112
\c@ALG@rem=\count113
\c@ALG@nested=\count114
\ALG@tlm=\skip52
\ALG@thistlm=\skip53
\c@ALG@Lnr=\count115
\c@ALG@blocknr=\count116
\c@ALG@storecount=\count117
\c@ALG@tmpcounter=\count118
\ALG@tmplength=\skip54
)
Document Style - pseudocode environments for use with the `algorithmicx' style
) (/usr/local/texlive/2014/texmf-dist/tex/latex/subfigure/subfigure.sty
Package: subfigure 2002/03/15 v2.1.5 subfigure package
\subfigtopskip=\skip55
\subfigcapskip=\skip56
\subfigcaptopadj=\dimen140
\subfigbottomskip=\skip57
\subfigcapmargin=\dimen141
\subfiglabelskip=\skip58
\c@subfigure=\count119
\c@lofdepth=\count120
\c@subtable=\count121
\c@lotdepth=\count122

****************************************
* Local config file subfigure.cfg used *
****************************************
(/usr/local/texlive/2014/texmf-dist/tex/latex/subfigure/subfigure.cfg)
\subfig@top=\skip59
\subfig@bottom=\skip60
)
(/usr/local/texlive/2014/texmf-dist/tex/latex/caption/caption.sty
Package: caption 2013/05/02 v3.3-89 Customizing captions (AR)

(/usr/local/texlive/2014/texmf-dist/tex/latex/caption/caption3.sty
Package: caption3 2013/05/02 v1.6-88 caption3 kernel (AR)
Package caption3 Info: TeX engine: e-TeX on input line 57.
\captionmargin=\dimen142
\captionmargin@=\dimen143
\captionwidth=\dimen144
\caption@tempdima=\dimen145
\caption@indent=\dimen146
\caption@parindent=\dimen147
\caption@hangindent=\dimen148
Package caption Info: Unknown document class (or package),
(caption)             standard defaults will be used.
)

Package caption Warning: Unsupported document class (or package) detected,
(caption)                usage of the caption package is not recommended.
See the caption package documentation for explanation.

Package caption Info: \@makecaption = \long macro:#1#2->\ifx \@captype \@IEEEta
blestring \footnotesize \bgroup \par \centering \@IEEEtabletopskipstrut {\norma
lfont \footnotesize #1}\\{\normalfont \footnotesize \scshape #2}\par \addvspace
 {0.5\baselineskip }\egroup \@IEEEtablecaptionsepspace \else \@IEEEfigurecaptio
nsepspace \setbox \@tempboxa \hbox {\normalfont \footnotesize {#1.}\nobreakspac
e \nobreakspace #2}\ifdim \wd \@tempboxa >\hsize \setbox \@tempboxa \hbox {\nor
malfont \footnotesize {#1.}\nobreakspace \nobreakspace }\parbox [t]{\hsize }{\n
ormalfont \footnotesize \noindent \unhbox \@tempboxa #2}\else \ifCLASSOPTIONcon
ference \hbox to\hsize {\normalfont \footnotesize \hfil \box \@tempboxa \hfil }
\else \hbox to\hsize {\normalfont \footnotesize \box \@tempboxa \hfil }\fi \fi 
\fi .
\c@ContinuedFloat=\count123
Package caption Info: float package is loaded.
Package caption Info: subfigure package is loaded.
) (./classification.aux

LaTeX Warning: Label `thr' multiply defined.


LaTeX Warning: Label `thr' multiply defined.


LaTeX Warning: Label `thr' multiply defined.


LaTeX Warning: Label `thr' multiply defined.

)
\openout1 = `classification.aux'.

LaTeX Font Info:    Checking defaults for OML/cmm/m/it on input line 17.
LaTeX Font Info:    ... okay on input line 17.
LaTeX Font Info:    Checking defaults for T1/cmr/m/n on input line 17.
LaTeX Font Info:    ... okay on input line 17.
LaTeX Font Info:    Checking defaults for OT1/cmr/m/n on input line 17.
LaTeX Font Info:    ... okay on input line 17.
LaTeX Font Info:    Checking defaults for OMS/cmsy/m/n on input line 17.
LaTeX Font Info:    ... okay on input line 17.
LaTeX Font Info:    Checking defaults for OMX/cmex/m/n on input line 17.
LaTeX Font Info:    ... okay on input line 17.
LaTeX Font Info:    Checking defaults for U/cmr/m/n on input line 17.
LaTeX Font Info:    ... okay on input line 17.
 (/usr/local/texlive/2014/texmf-dist/tex/context/base/supp-pdf.mkii
[Loading MPS to PDF converter (version 2006.09.02).]
\scratchcounter=\count124
\scratchdimen=\dimen149
\scratchbox=\box32
\nofMPsegments=\count125
\nofMParguments=\count126
\everyMPshowfont=\toks25
\MPscratchCnt=\count127
\MPscratchDim=\dimen150
\MPnumerator=\count128
\makeMPintoPDFobject=\count129
\everyMPtoPDFconversion=\toks26
) (/usr/local/texlive/2014/texmf-dist/tex/generic/oberdiek/pdftexcmds.sty
Package: pdftexcmds 2011/11/29 v0.20 Utility functions of pdfTeX for LuaTeX (HO
)

(/usr/local/texlive/2014/texmf-dist/tex/generic/oberdiek/ifluatex.sty
Package: ifluatex 2010/03/01 v1.3 Provides the ifluatex switch (HO)
Package ifluatex Info: LuaTeX not detected.
)
(/usr/local/texlive/2014/texmf-dist/tex/generic/oberdiek/ifpdf.sty
Package: ifpdf 2011/01/30 v2.3 Provides the ifpdf switch (HO)
Package ifpdf Info: pdfTeX in PDF mode is detected.
)
Package pdftexcmds Info: LuaTeX not detected.
Package pdftexcmds Info: \pdf@primitive is available.
Package pdftexcmds Info: \pdf@ifprimitive is available.
Package pdftexcmds Info: \pdfdraftmode found.
)
(/usr/local/texlive/2014/texmf-dist/tex/latex/oberdiek/epstopdf-base.sty
Package: epstopdf-base 2010/02/09 v2.5 Base part for package epstopdf

(/usr/local/texlive/2014/texmf-dist/tex/latex/oberdiek/grfext.sty
Package: grfext 2010/08/19 v1.1 Manage graphics extensions (HO)

(/usr/local/texlive/2014/texmf-dist/tex/generic/oberdiek/kvdefinekeys.sty
Package: kvdefinekeys 2011/04/07 v1.3 Define keys (HO)
))
(/usr/local/texlive/2014/texmf-dist/tex/latex/oberdiek/kvoptions.sty
Package: kvoptions 2011/06/30 v3.11 Key value format for package options (HO)

(/usr/local/texlive/2014/texmf-dist/tex/generic/oberdiek/kvsetkeys.sty
Package: kvsetkeys 2012/04/25 v1.16 Key value parser (HO)

(/usr/local/texlive/2014/texmf-dist/tex/generic/oberdiek/etexcmds.sty
Package: etexcmds 2011/02/16 v1.5 Avoid name clashes with e-TeX commands (HO)
Package etexcmds Info: Could not find \expanded.
(etexcmds)             That can mean that you are not using pdfTeX 1.50 or
(etexcmds)             that some package has redefined \expanded.
(etexcmds)             In the latter case, load this package earlier.
)))
Package grfext Info: Graphics extension search list:
(grfext)             [.png,.pdf,.jpg,.mps,.jpeg,.jbig2,.jb2,.PNG,.PDF,.JPG,.JPE
G,.JBIG2,.JB2,.eps]
(grfext)             \AppendGraphicsExtensions on input line 452.

(/usr/local/texlive/2014/texmf-dist/tex/latex/latexconfig/epstopdf-sys.cfg
File: epstopdf-sys.cfg 2010/07/13 v1.3 Configuration of (r)epstopdf for TeX Liv
e
))
Package caption Info: Begin \AtBeginDocument code.
Package caption Info: End \AtBeginDocument code.
LaTeX Font Info:    Font shape `OT1/ptm/bx/sc' in size <10> not available
(Font)              Font shape `OT1/ptm/b/sc' tried instead on input line 20.

Underfull \hbox (badness 10000) in paragraph at lines 24--25

 []


Underfull \hbox (badness 10000) in paragraph at lines 41--42

 []

Package epstopdf Info: Source file: <Plots/wordFreq_allArticles.eps>
(epstopdf)                    date: 2017-02-21 00:40:16
(epstopdf)                    size: 37235 bytes
(epstopdf)             Output file: <Plots/wordFreq_allArticles-eps-converted-t
o.pdf>
(epstopdf)                    date: 2017-02-21 01:08:50
(epstopdf)                    size: 19192 bytes
(epstopdf)             Command: <repstopdf --outfile=Plots/wordFreq_allArticles
-eps-converted-to.pdf Plots/wordFreq_allArticles.eps>
(epstopdf)             \includegraphics on input line 50.
Package epstopdf Info: Output file is already uptodate.
<Plots/wordFreq_allArticles-eps-converted-to.pdf, id=1, 361.35pt x 252.945pt>
File: Plots/wordFreq_allArticles-eps-converted-to.pdf Graphic file (type pdf)

<use Plots/wordFreq_allArticles-eps-converted-to.pdf>
Package pdftex.def Info: Plots/wordFreq_allArticles-eps-converted-to.pdf used o
n input line 50.
(pdftex.def)             Requested size: 469.76047pt x 252.94823pt.

Underfull \hbox (badness 10000) in paragraph at lines 58--59

 []

[1{/usr/local/texlive/2014/texmf-var/fonts/map/pdftex/updmap/pdftex.map} <./Plo
ts/wordFreq_allArticles-eps-converted-to.pdf>] [2]
<Plots/f1Score.png, id=22, 505.89pt x 310.15875pt>
File: Plots/f1Score.png Graphic file (type png)
 <use Plots/f1Score.png>
Package pdftex.def Info: Plots/f1Score.png used on input line 179.
(pdftex.def)             Requested size: 202.3524pt x 124.0613pt.
Package epstopdf Info: Source file: <Output/newTree/accuracy_unshuffled.eps>
(epstopdf)                    date: 2017-02-28 00:10:24
(epstopdf)                    size: 23720 bytes
(epstopdf)             Output file: <Output/newTree/accuracy_unshuffled-eps-con
verted-to.pdf>
(epstopdf)                    date: 2017-02-28 00:10:30
(epstopdf)                    size: 8698 bytes
(epstopdf)             Command: <repstopdf --outfile=Output/newTree/accuracy_un
shuffled-eps-converted-to.pdf Output/newTree/accuracy_unshuffled.eps>
(epstopdf)             \includegraphics on input line 217.
Package epstopdf Info: Output file is already uptodate.

<Output/newTree/accuracy_unshuffled-eps-converted-to.pdf, id=24, 361.35pt x 252
.945pt>
File: Output/newTree/accuracy_unshuffled-eps-converted-to.pdf Graphic file (typ
e pdf)
 <use Output/newTree/accuracy_unshuffled-eps-converted-to.pdf>
Package pdftex.def Info: Output/newTree/accuracy_unshuffled-eps-converted-to.pd
f used on input line 217.
(pdftex.def)             Requested size: 180.67499pt x 126.47218pt.
Package epstopdf Info: Source file: <Output/newTree/accuracy.eps>
(epstopdf)                    date: 2017-02-28 00:10:23
(epstopdf)                    size: 23895 bytes
(epstopdf)             Output file: <Output/newTree/accuracy-eps-converted-to.p
df>
(epstopdf)                    date: 2017-02-28 00:10:32
(epstopdf)                    size: 8698 bytes
(epstopdf)             Command: <repstopdf --outfile=Output/newTree/accuracy-ep
s-converted-to.pdf Output/newTree/accuracy.eps>
(epstopdf)             \includegraphics on input line 219.
Package epstopdf Info: Output file is already uptodate.

<Output/newTree/accuracy-eps-converted-to.pdf, id=25, 361.35pt x 252.945pt>
File: Output/newTree/accuracy-eps-converted-to.pdf Graphic file (type pdf)

<use Output/newTree/accuracy-eps-converted-to.pdf>
Package pdftex.def Info: Output/newTree/accuracy-eps-converted-to.pdf used on i
nput line 219.
(pdftex.def)             Requested size: 180.67499pt x 126.47218pt.


LaTeX Warning: `h' float specifier changed to `ht'.

Package epstopdf Info: Source file: <Output/newTree/fScore_unshuffled.eps>
(epstopdf)                    date: 2017-02-28 00:10:24
(epstopdf)                    size: 23662 bytes
(epstopdf)             Output file: <Output/newTree/fScore_unshuffled-eps-conve
rted-to.pdf>
(epstopdf)                    date: 2017-02-28 00:10:33
(epstopdf)                    size: 8754 bytes
(epstopdf)             Command: <repstopdf --outfile=Output/newTree/fScore_unsh
uffled-eps-converted-to.pdf Output/newTree/fScore_unshuffled.eps>
(epstopdf)             \includegraphics on input line 229.
Package epstopdf Info: Output file is already uptodate.

<Output/newTree/fScore_unshuffled-eps-converted-to.pdf, id=26, 361.35pt x 252.9
45pt>
File: Output/newTree/fScore_unshuffled-eps-converted-to.pdf Graphic file (type 
pdf)
 <use Output/newTree/fScore_unshuffled-eps-converted-to.pdf>
Package pdftex.def Info: Output/newTree/fScore_unshuffled-eps-converted-to.pdf 
used on input line 229.
(pdftex.def)             Requested size: 180.67499pt x 126.47218pt.
Package epstopdf Info: Source file: <Output/newTree/fScore.eps>
(epstopdf)                    date: 2017-02-28 00:10:23
(epstopdf)                    size: 23893 bytes
(epstopdf)             Output file: <Output/newTree/fScore-eps-converted-to.pdf
>
(epstopdf)                    date: 2017-02-28 00:10:34
(epstopdf)                    size: 8822 bytes
(epstopdf)             Command: <repstopdf --outfile=Output/newTree/fScore-eps-
converted-to.pdf Output/newTree/fScore.eps>
(epstopdf)             \includegraphics on input line 231.
Package epstopdf Info: Output file is already uptodate.

<Output/newTree/fScore-eps-converted-to.pdf, id=27, 361.35pt x 252.945pt>
File: Output/newTree/fScore-eps-converted-to.pdf Graphic file (type pdf)

<use Output/newTree/fScore-eps-converted-to.pdf>
Package pdftex.def Info: Output/newTree/fScore-eps-converted-to.pdf used on inp
ut line 231.
(pdftex.def)             Requested size: 180.67499pt x 126.47218pt.


LaTeX Warning: `h' float specifier changed to `ht'.

Package epstopdf Info: Source file: <Output/newTree/accuracy_fscore.eps>
(epstopdf)                    date: 2017-02-21 21:33:44
(epstopdf)                    size: 22444 bytes
(epstopdf)             Output file: <Output/newTree/accuracy_fscore-eps-convert
ed-to.pdf>
(epstopdf)                    date: 2017-02-21 21:42:35
(epstopdf)                    size: 7722 bytes
(epstopdf)             Command: <repstopdf --outfile=Output/newTree/accuracy_fs
core-eps-converted-to.pdf Output/newTree/accuracy_fscore.eps>
(epstopdf)             \includegraphics on input line 259.
Package epstopdf Info: Output file is already uptodate.

<Output/newTree/accuracy_fscore-eps-converted-to.pdf, id=28, 361.35pt x 252.945
pt>
File: Output/newTree/accuracy_fscore-eps-converted-to.pdf Graphic file (type pd
f)
 <use Output/newTree/accuracy_fscore-eps-converted-to.pdf>
Package pdftex.def Info: Output/newTree/accuracy_fscore-eps-converted-to.pdf us
ed on input line 259.
(pdftex.def)             Requested size: 216.81168pt x 151.76816pt.


LaTeX Warning: `h' float specifier changed to `ht'.

Package epstopdf Info: Source file: <Output/newKNN/accuracy_unshuffled.eps>
(epstopdf)                    date: 2017-02-28 00:09:11
(epstopdf)                    size: 23727 bytes
(epstopdf)             Output file: <Output/newKNN/accuracy_unshuffled-eps-conv
erted-to.pdf>
(epstopdf)                    date: 2017-02-28 00:09:22
(epstopdf)                    size: 8713 bytes
(epstopdf)             Command: <repstopdf --outfile=Output/newKNN/accuracy_uns
huffled-eps-converted-to.pdf Output/newKNN/accuracy_unshuffled.eps>
(epstopdf)             \includegraphics on input line 287.
Package epstopdf Info: Output file is already uptodate.

<Output/newKNN/accuracy_unshuffled-eps-converted-to.pdf, id=29, 361.35pt x 252.
945pt>
File: Output/newKNN/accuracy_unshuffled-eps-converted-to.pdf Graphic file (type
 pdf)
 <use Output/newKNN/accuracy_unshuffled-eps-converted-to.pdf>
Package pdftex.def Info: Output/newKNN/accuracy_unshuffled-eps-converted-to.pdf
 used on input line 287.
(pdftex.def)             Requested size: 180.67499pt x 126.47218pt.
Package epstopdf Info: Source file: <Output/newKNN/accuracy.eps>
(epstopdf)                    date: 2017-02-28 00:08:46
(epstopdf)                    size: 23434 bytes
(epstopdf)             Output file: <Output/newKNN/accuracy-eps-converted-to.pd
f>
(epstopdf)                    date: 2017-02-28 00:09:23
(epstopdf)                    size: 8594 bytes
(epstopdf)             Command: <repstopdf --outfile=Output/newKNN/accuracy-eps
-converted-to.pdf Output/newKNN/accuracy.eps>
(epstopdf)             \includegraphics on input line 289.
Package epstopdf Info: Output file is already uptodate.

<Output/newKNN/accuracy-eps-converted-to.pdf, id=30, 361.35pt x 252.945pt>
File: Output/newKNN/accuracy-eps-converted-to.pdf Graphic file (type pdf)

<use Output/newKNN/accuracy-eps-converted-to.pdf>
Package pdftex.def Info: Output/newKNN/accuracy-eps-converted-to.pdf used on in
put line 289.
(pdftex.def)             Requested size: 180.67499pt x 126.47218pt.
 [3 <./Plots/f1Score.png>]

LaTeX Warning: `h' float specifier changed to `ht'.

Package epstopdf Info: Source file: <Output/newKNN/fScore_unshuffled.eps>
(epstopdf)                    date: 2017-02-28 00:10:18
(epstopdf)                    size: 23723 bytes
(epstopdf)             Output file: <Output/newKNN/fScore_unshuffled-eps-conver
ted-to.pdf>
(epstopdf)                    date: 2017-02-28 00:10:36
(epstopdf)                    size: 8765 bytes
(epstopdf)             Command: <repstopdf --outfile=Output/newKNN/fScore_unshu
ffled-eps-converted-to.pdf Output/newKNN/fScore_unshuffled.eps>
(epstopdf)             \includegraphics on input line 298.
Package epstopdf Info: Output file is already uptodate.

<Output/newKNN/fScore_unshuffled-eps-converted-to.pdf, id=37, 361.35pt x 252.94
5pt>
File: Output/newKNN/fScore_unshuffled-eps-converted-to.pdf Graphic file (type p
df)
 <use Output/newKNN/fScore_unshuffled-eps-converted-to.pdf>
Package pdftex.def Info: Output/newKNN/fScore_unshuffled-eps-converted-to.pdf u
sed on input line 298.
(pdftex.def)             Requested size: 180.67499pt x 126.47218pt.
Package epstopdf Info: Source file: <Output/newKNN/fScore.eps>
(epstopdf)                    date: 2017-02-28 00:08:58
(epstopdf)                    size: 23583 bytes
(epstopdf)             Output file: <Output/newKNN/fScore-eps-converted-to.pdf>

(epstopdf)                    date: 2017-02-28 00:09:27
(epstopdf)                    size: 8754 bytes
(epstopdf)             Command: <repstopdf --outfile=Output/newKNN/fScore-eps-c
onverted-to.pdf Output/newKNN/fScore.eps>
(epstopdf)             \includegraphics on input line 300.
Package epstopdf Info: Output file is already uptodate.

<Output/newKNN/fScore-eps-converted-to.pdf, id=38, 361.35pt x 252.945pt>
File: Output/newKNN/fScore-eps-converted-to.pdf Graphic file (type pdf)

<use Output/newKNN/fScore-eps-converted-to.pdf>
Package pdftex.def Info: Output/newKNN/fScore-eps-converted-to.pdf used on inpu
t line 300.
(pdftex.def)             Requested size: 180.67499pt x 126.47218pt.


LaTeX Warning: `h' float specifier changed to `ht'.

Package epstopdf Info: Source file: <Output/knn_neigh_accuracy.eps>
(epstopdf)                    date: 2017-02-28 00:04:55
(epstopdf)                    size: 24025 bytes
(epstopdf)             Output file: <Output/knn_neigh_accuracy-eps-converted-to
.pdf>
(epstopdf)                    date: 2017-02-28 00:07:58
(epstopdf)                    size: 8374 bytes
(epstopdf)             Command: <repstopdf --outfile=Output/knn_neigh_accuracy-
eps-converted-to.pdf Output/knn_neigh_accuracy.eps>
(epstopdf)             \includegraphics on input line 314.
Package epstopdf Info: Output file is already uptodate.
<Output/knn_neigh_accuracy-eps-converted-to.pdf, id=39, 361.35pt x 252.945pt>
File: Output/knn_neigh_accuracy-eps-converted-to.pdf Graphic file (type pdf)

<use Output/knn_neigh_accuracy-eps-converted-to.pdf>
Package pdftex.def Info: Output/knn_neigh_accuracy-eps-converted-to.pdf used on
 input line 314.
(pdftex.def)             Requested size: 180.67499pt x 126.47218pt.
Package epstopdf Info: Source file: <Output/newKNN/accuracy_fscore.eps>
(epstopdf)                    date: 2017-02-21 19:38:22
(epstopdf)                    size: 22457 bytes
(epstopdf)             Output file: <Output/newKNN/accuracy_fscore-eps-converte
d-to.pdf>
(epstopdf)                    date: 2017-02-21 19:38:39
(epstopdf)                    size: 7578 bytes
(epstopdf)             Command: <repstopdf --outfile=Output/newKNN/accuracy_fsc
ore-eps-converted-to.pdf Output/newKNN/accuracy_fscore.eps>
(epstopdf)             \includegraphics on input line 316.
Package epstopdf Info: Output file is already uptodate.

<Output/newKNN/accuracy_fscore-eps-converted-to.pdf, id=40, 361.35pt x 252.945p
t>
File: Output/newKNN/accuracy_fscore-eps-converted-to.pdf Graphic file (type pdf
)
 <use Output/newKNN/accuracy_fscore-eps-converted-to.pdf>
Package pdftex.def Info: Output/newKNN/accuracy_fscore-eps-converted-to.pdf use
d on input line 316.
(pdftex.def)             Requested size: 180.67499pt x 126.47218pt.


LaTeX Warning: `h' float specifier changed to `ht'.

Package epstopdf Info: Source file: <Output/dt_knn1.eps>
(epstopdf)                    date: 2017-02-21 21:40:26
(epstopdf)                    size: 21846 bytes
(epstopdf)             Output file: <Output/dt_knn1-eps-converted-to.pdf>
(epstopdf)                    date: 2017-02-21 21:42:36
(epstopdf)                    size: 7806 bytes
(epstopdf)             Command: <repstopdf --outfile=Output/dt_knn1-eps-convert
ed-to.pdf Output/dt_knn1.eps>
(epstopdf)             \includegraphics on input line 329.
Package epstopdf Info: Output file is already uptodate.
<Output/dt_knn1-eps-converted-to.pdf, id=41, 361.35pt x 252.945pt>
File: Output/dt_knn1-eps-converted-to.pdf Graphic file (type pdf)

<use Output/dt_knn1-eps-converted-to.pdf>
Package pdftex.def Info: Output/dt_knn1-eps-converted-to.pdf used on input line
 329.
(pdftex.def)             Requested size: 180.67499pt x 126.47218pt.
Package epstopdf Info: Source file: <Output/dt_knn2.eps>
(epstopdf)                    date: 2017-02-22 02:03:27
(epstopdf)                    size: 21847 bytes
(epstopdf)             Output file: <Output/dt_knn2-eps-converted-to.pdf>
(epstopdf)                    date: 2017-02-28 00:08:00
(epstopdf)                    size: 7856 bytes
(epstopdf)             Command: <repstopdf --outfile=Output/dt_knn2-eps-convert
ed-to.pdf Output/dt_knn2.eps>
(epstopdf)             \includegraphics on input line 331.
Package epstopdf Info: Output file is already uptodate.

<Output/dt_knn2-eps-converted-to.pdf, id=42, 361.35pt x 252.945pt>
File: Output/dt_knn2-eps-converted-to.pdf Graphic file (type pdf)

<use Output/dt_knn2-eps-converted-to.pdf>
Package pdftex.def Info: Output/dt_knn2-eps-converted-to.pdf used on input line
 331.
(pdftex.def)             Requested size: 180.67499pt x 126.47218pt.


LaTeX Warning: `h' float specifier changed to `ht'.

[4 <./Output/newTree/accuracy_unshuffled-eps-converted-to.pdf> <./Output/newTre
e/accuracy-eps-converted-to.pdf> <./Output/newTree/fScore_unshuffled-eps-conver
ted-to.pdf> <./Output/newTree/fScore-eps-converted-to.pdf>] [5 <./Output/newTre
e/accuracy_fscore-eps-converted-to.pdf> <./Output/newKNN/accuracy_unshuffled-ep
s-converted-to.pdf> <./Output/newKNN/accuracy-eps-converted-to.pdf>] [6 <./Outp
ut/newKNN/fScore_unshuffled-eps-converted-to.pdf> <./Output/newKNN/fScore-eps-c
onverted-to.pdf> <./Output/knn_neigh_accuracy-eps-converted-to.pdf> <./Output/n
ewKNN/accuracy_fscore-eps-converted-to.pdf> <./Output/dt_knn1-eps-converted-to.
pdf> <./Output/dt_knn2-eps-converted-to.pdf>] (./classification.aux)

LaTeX Warning: There were multiply-defined labels.

 ) 
Here is how much of TeX's memory you used:
 5573 strings out of 493117
 90682 string characters out of 6135433
 161065 words of memory out of 5000000
 8956 multiletter control sequences out of 15000+600000
 36305 words of font info for 67 fonts, out of 8000000 for 9000
 1141 hyphenation exceptions out of 8191
 38i,8n,38p,1006b,387s stack positions out of 5000i,500n,10000p,200000b,80000s
{/usr/local/texlive/2014/texmf-dist/fonts/enc/dvips/base/8r.enc}</usr/local/t
exlive/2014/texmf-dist/fonts/type1/public/amsfonts/cm/cmmi10.pfb></usr/local/te
xlive/2014/texmf-dist/fonts/type1/public/amsfonts/cm/cmmi7.pfb></usr/local/texl
ive/2014/texmf-dist/fonts/type1/public/amsfonts/cm/cmr10.pfb></usr/local/texliv
e/2014/texmf-dist/fonts/type1/public/amsfonts/cm/cmsy10.pfb></usr/local/texlive
/2014/texmf-dist/fonts/type1/public/amsfonts/cm/cmsy7.pfb></usr/local/texlive/2
014/texmf-dist/fonts/type1/urw/times/utmb8a.pfb></usr/local/texlive/2014/texmf-
dist/fonts/type1/urw/times/utmbi8a.pfb></usr/local/texlive/2014/texmf-dist/font
s/type1/urw/times/utmr8a.pfb></usr/local/texlive/2014/texmf-dist/fonts/type1/ur
w/times/utmri8a.pfb>
Output written on classification.pdf (6 pages, 203887 bytes).
PDF statistics:
 147 PDF objects out of 1000 (max. 8388607)
 99 compressed objects within 1 object stream
 0 named destinations out of 1000 (max. 500000)
 76 words of extra memory for PDF output out of 10000 (max. 10000000)

